[02:34:21] [trace] ENGINE: BUILD VERSION: v0.9a
[02:34:21] [info] ENGINE: [Application] Creating window Title (1600, 1600)
[02:34:22] [info] ENGINE: Adding Layer ImGuiLayer
[02:34:23] [warning] ENGINE: Could not find uniform 'u_PointLights.Position' in shader ShaderPBR.glsl
[02:34:23] [warning] ENGINE: Could not find uniform 'u_PointLights.Intensity' in shader ShaderPBR.glsl
[02:34:23] [warning] ENGINE: Could not find uniform 'u_PointLights.Radiance' in shader ShaderPBR.glsl
[02:34:23] [warning] ENGINE: Could not find uniform 'u_PointLights.MinRadius' in shader ShaderPBR.glsl
[02:34:23] [warning] ENGINE: Could not find uniform 'u_PointLights.Radius' in shader ShaderPBR.glsl
[02:34:23] [warning] ENGINE: Could not find uniform 'u_PointLights.Falloff' in shader ShaderPBR.glsl
[02:34:23] [warning] ENGINE: Could not find uniform 'u_PointLights.LightSize' in shader ShaderPBR.glsl
[02:34:23] [warning] ENGINE: Could not find uniform 'u_DirectionalLights.Direction' in shader ShaderPBRAnim.glsl
[02:34:23] [warning] ENGINE: Could not find uniform 'u_DirectionalLights.Radiance' in shader ShaderPBRAnim.glsl
[02:34:23] [warning] ENGINE: Could not find uniform 'u_DirectionalLights.Multiplier' in shader ShaderPBRAnim.glsl
[02:34:23] [warning] ENGINE: Could not find uniform 'u_RadiancePrefilter' in shader ShaderPBRAnim.glsl
[02:34:23] [info] ENGINE: Adding Layer Layer
[02:34:23] [info] ENGINE: Loading texture assets/editor/Checkerboard.tga, srgb=false
[02:34:23] [info] ENGINE: [Renderer] Creating FrameBuffer 1280 : 720
[02:34:23] [info] ENGINE: [Renderer] Creating FrameBuffer 1280 : 720
[02:34:23] [info] ENGINE: Loading texture assets/textures/BRDF_LUT.tga, srgb=false
[02:34:23] [info] ENGINE: [Renderer] Creating FrameBuffer 4096 : 4096
[02:34:23] [info] ENGINE: [Renderer] Creating FrameBuffer 4096 : 4096
[02:34:23] [info] ENGINE: [Renderer] Creating FrameBuffer 4096 : 4096
[02:34:23] [info] ENGINE: [Renderer] Creating FrameBuffer 4096 : 4096
[02:34:26] [info] ENGINE: Deserializing scene 'Scene Name'
[02:34:26] [info] ENGINE: Deserialized entity with ID = 3180515428195599773, name = Mesh
[02:34:26] [info] ENGINE: Loading mesh: D:\Programming\C++\RockEngine\TheRock\assets\meshes\TestScene.fbx
[02:34:26] [error] ENGINE: Assimp error: Error, T21468: FBX: no material assigned to mesh, setting default material

[02:34:26] [error] ENGINE: Assimp error: Skipping one or more lines with the same contents

[02:34:26] [info] ENGINE:   Mesh Asset Path: D:\Programming\C++\RockEngine\TheRock\assets\meshes\TestScene.fbx
[02:34:26] [info] ENGINE: Deserialized entity with ID = 13456131509643744593, name = Sky Light
[02:34:26] [info] ENGINE: Loading HDR texture D:\Programming\C++\RockEngine\TheRock\assets\env\birchwood_4k.hdr, srgb=false
[02:34:27] [info] ENGINE: Deserialized entity with ID = 1860228945068287744, name = Directional Light
[02:35:52] [warning] ENGINE: [OpenGL Debug MEDIUM] Program/shader state performance warning: Vertex shader in program 13 is being recompiled based on GL state.
[02:35:59] [warning] ENGINE: [OpenGL Debug MEDIUM] Program/shader state performance warning: Vertex shader in program 7 is being recompiled based on GL state.
